<?xml version="1.0" encoding="UTF-8"?>
<!-- Generated by org.testng.reporters.JUnitXMLReporter -->
<testsuite ignored="0" hostname="DESKTOP-RSROOUO" failures="0" tests="6" name="Default test" time="7.13" errors="0" timestamp="2023-01-29T21:20:51 CET">
  <testcase classname="api.test.DDUserTests" name="testPostUser" time="2.218"/>
  <testcase classname="api.test.DDUserTests" name="testPostUser" time="0.723"/>
  <testcase classname="api.test.DDUserTests" name="testPostUser" time="0.721"/>
  <testcase classname="api.test.DDUserTests" name="testDeleteUserByUsername" time="0.728"/>
  <testcase classname="api.test.DDUserTests" name="testDeleteUserByUsername" time="0.726"/>
  <testcase classname="api.test.DDUserTests" name="testDeleteUserByUsername" time="0.797"/>
</testsuite> <!-- Default test -->
