<?xml version="1.0" encoding="UTF-8"?>
<!-- Generated by org.testng.reporters.JUnitXMLReporter -->
<testsuite ignored="0" hostname="DESKTOP-RSROOUO" failures="0" tests="4" name="Test" time="5.788" errors="0" timestamp="2023-01-29T21:35:26 CET">
  <testcase classname="api.test.UserTests" name="testPostUser" time="2.295"/>
  <testcase classname="api.test.UserTests" name="testGetUserByUsername" time="0.868"/>
  <testcase classname="api.test.UserTests" name="testUpdateUserByUsername" time="1.425"/>
  <testcase classname="api.test.UserTests" name="testDeleteUserByUsername" time="0.712"/>
</testsuite> <!-- Test -->
