<?xml version="1.0" encoding="UTF-8"?>
<!-- Generated by org.testng.reporters.JUnitXMLReporter -->
<testsuite ignored="0" hostname="DESKTOP-RSROOUO" failures="0" tests="10" name="Test" time="11.4" errors="0" timestamp="2023-01-30T10:54:49 CET">
  <testcase classname="api.test.UserTests" name="testPostUser" time="2.495"/>
  <testcase classname="api.test.UserTests" name="testGetUserByUsername" time="0.748"/>
  <testcase classname="api.test.UserTests" name="testUpdateUserByUsername" time="1.489"/>
  <testcase classname="api.test.UserTests" name="testDeleteUserByUsername" time="0.748"/>
  <testcase classname="api.test.DDUserTests" name="testPostUser" time="0.782"/>
  <testcase classname="api.test.DDUserTests" name="testPostUser" time="0.759"/>
  <testcase classname="api.test.DDUserTests" name="testPostUser" time="0.791"/>
  <testcase classname="api.test.DDUserTests" name="testDeleteUserByUsername" time="0.741"/>
  <testcase classname="api.test.DDUserTests" name="testDeleteUserByUsername" time="0.718"/>
  <testcase classname="api.test.DDUserTests" name="testDeleteUserByUsername" time="0.714"/>
</testsuite> <!-- Test -->
