<?xml version="1.0" encoding="UTF-8"?>
<testng-results ignored="0" total="10" passed="10" failed="0" skipped="0">
  <reporter-output>
  </reporter-output>
  <suite started-at="2023-01-30T10:54:37 CET" name="Suite" finished-at="2023-01-30T10:54:49 CET" duration-ms="11400">
    <groups>
    </groups>
    <test started-at="2023-01-30T10:54:37 CET" name="Test" finished-at="2023-01-30T10:54:49 CET" duration-ms="11400">
      <class name="api.test.DDUserTests">
        <test-method signature="testPostUser(java.lang.String,java.lang.String,java.lang.String,java.lang.String,java.lang.String,java.lang.String,java.lang.String)[pri:1, instance:api.test.DDUserTests@229c6181]" started-at="2023-01-30T10:54:44 CET" name="testPostUser" data-provider="Data" finished-at="2023-01-30T10:54:45 CET" duration-ms="782" status="PASS">
          <params>
            <param index="0">
              <value>
                <![CDATA[101]]>
              </value>
            </param>
            <param index="1">
              <value>
                <![CDATA[john123]]>
              </value>
            </param>
            <param index="2">
              <value>
                <![CDATA[John]]>
              </value>
            </param>
            <param index="3">
              <value>
                <![CDATA[Lake]]>
              </value>
            </param>
            <param index="4">
              <value>
                <![CDATA[john@example.com]]>
              </value>
            </param>
            <param index="5">
              <value>
                <![CDATA[johnpass123]]>
              </value>
            </param>
            <param index="6">
              <value>
                <![CDATA[123456789]]>
              </value>
            </param>
          </params>
          <reporter-output>
          </reporter-output>
        </test-method> <!-- testPostUser -->
        <test-method signature="testPostUser(java.lang.String,java.lang.String,java.lang.String,java.lang.String,java.lang.String,java.lang.String,java.lang.String)[pri:1, instance:api.test.DDUserTests@229c6181]" started-at="2023-01-30T10:54:45 CET" name="testPostUser" data-provider="Data" finished-at="2023-01-30T10:54:46 CET" duration-ms="759" status="PASS">
          <params>
            <param index="0">
              <value>
                <![CDATA[102]]>
              </value>
            </param>
            <param index="1">
              <value>
                <![CDATA[josh123]]>
              </value>
            </param>
            <param index="2">
              <value>
                <![CDATA[Josh]]>
              </value>
            </param>
            <param index="3">
              <value>
                <![CDATA[Blake]]>
              </value>
            </param>
            <param index="4">
              <value>
                <![CDATA[josh@example.com]]>
              </value>
            </param>
            <param index="5">
              <value>
                <![CDATA[joshpass123]]>
              </value>
            </param>
            <param index="6">
              <value>
                <![CDATA[123456789]]>
              </value>
            </param>
          </params>
          <reporter-output>
          </reporter-output>
        </test-method> <!-- testPostUser -->
        <test-method signature="testPostUser(java.lang.String,java.lang.String,java.lang.String,java.lang.String,java.lang.String,java.lang.String,java.lang.String)[pri:1, instance:api.test.DDUserTests@229c6181]" started-at="2023-01-30T10:54:46 CET" name="testPostUser" data-provider="Data" finished-at="2023-01-30T10:54:47 CET" duration-ms="791" status="PASS">
          <params>
            <param index="0">
              <value>
                <![CDATA[103]]>
              </value>
            </param>
            <param index="1">
              <value>
                <![CDATA[jack123]]>
              </value>
            </param>
            <param index="2">
              <value>
                <![CDATA[Jack]]>
              </value>
            </param>
            <param index="3">
              <value>
                <![CDATA[Drake]]>
              </value>
            </param>
            <param index="4">
              <value>
                <![CDATA[jack@example.com]]>
              </value>
            </param>
            <param index="5">
              <value>
                <![CDATA[jakepass123]]>
              </value>
            </param>
            <param index="6">
              <value>
                <![CDATA[123456789]]>
              </value>
            </param>
          </params>
          <reporter-output>
          </reporter-output>
        </test-method> <!-- testPostUser -->
        <test-method signature="testDeleteUserByUsername(java.lang.String)[pri:2, instance:api.test.DDUserTests@229c6181]" started-at="2023-01-30T10:54:47 CET" name="testDeleteUserByUsername" data-provider="UserNames" finished-at="2023-01-30T10:54:47 CET" duration-ms="741" status="PASS">
          <params>
            <param index="0">
              <value>
                <![CDATA[john123]]>
              </value>
            </param>
          </params>
          <reporter-output>
          </reporter-output>
        </test-method> <!-- testDeleteUserByUsername -->
        <test-method signature="testDeleteUserByUsername(java.lang.String)[pri:2, instance:api.test.DDUserTests@229c6181]" started-at="2023-01-30T10:54:47 CET" name="testDeleteUserByUsername" data-provider="UserNames" finished-at="2023-01-30T10:54:48 CET" duration-ms="718" status="PASS">
          <params>
            <param index="0">
              <value>
                <![CDATA[josh123]]>
              </value>
            </param>
          </params>
          <reporter-output>
          </reporter-output>
        </test-method> <!-- testDeleteUserByUsername -->
        <test-method signature="testDeleteUserByUsername(java.lang.String)[pri:2, instance:api.test.DDUserTests@229c6181]" started-at="2023-01-30T10:54:48 CET" name="testDeleteUserByUsername" data-provider="UserNames" finished-at="2023-01-30T10:54:49 CET" duration-ms="714" status="PASS">
          <params>
            <param index="0">
              <value>
                <![CDATA[jack123]]>
              </value>
            </param>
          </params>
          <reporter-output>
          </reporter-output>
        </test-method> <!-- testDeleteUserByUsername -->
      </class> <!-- api.test.DDUserTests -->
      <class name="api.test.UserTests">
        <test-method is-config="true" signature="setUpData()[pri:0, instance:api.test.UserTests@4a883b15]" started-at="2023-01-30T10:54:38 CET" name="setUpData" finished-at="2023-01-30T10:54:38 CET" duration-ms="172" status="PASS">
          <reporter-output>
          </reporter-output>
        </test-method> <!-- setUpData -->
        <test-method signature="testPostUser()[pri:1, instance:api.test.UserTests@4a883b15]" started-at="2023-01-30T10:54:38 CET" name="testPostUser" finished-at="2023-01-30T10:54:40 CET" duration-ms="2495" status="PASS">
          <reporter-output>
          </reporter-output>
        </test-method> <!-- testPostUser -->
        <test-method signature="testGetUserByUsername()[pri:2, instance:api.test.UserTests@4a883b15]" started-at="2023-01-30T10:54:40 CET" name="testGetUserByUsername" finished-at="2023-01-30T10:54:41 CET" duration-ms="748" status="PASS">
          <reporter-output>
          </reporter-output>
        </test-method> <!-- testGetUserByUsername -->
        <test-method signature="testUpdateUserByUsername()[pri:3, instance:api.test.UserTests@4a883b15]" started-at="2023-01-30T10:54:41 CET" name="testUpdateUserByUsername" finished-at="2023-01-30T10:54:43 CET" duration-ms="1489" status="PASS">
          <reporter-output>
          </reporter-output>
        </test-method> <!-- testUpdateUserByUsername -->
        <test-method signature="testDeleteUserByUsername()[pri:4, instance:api.test.UserTests@4a883b15]" started-at="2023-01-30T10:54:43 CET" name="testDeleteUserByUsername" finished-at="2023-01-30T10:54:43 CET" duration-ms="748" status="PASS">
          <reporter-output>
          </reporter-output>
        </test-method> <!-- testDeleteUserByUsername -->
      </class> <!-- api.test.UserTests -->
    </test> <!-- Test -->
  </suite> <!-- Suite -->
</testng-results>
