<?xml version="1.0" encoding="UTF-8"?>
<testng-results ignored="0" total="4" passed="4" failed="0" skipped="0">
  <reporter-output>
  </reporter-output>
  <suite started-at="2023-01-29T21:35:20 CET" name="Suite" finished-at="2023-01-29T21:35:26 CET" duration-ms="5788">
    <groups>
    </groups>
    <test started-at="2023-01-29T21:35:20 CET" name="Test" finished-at="2023-01-29T21:35:26 CET" duration-ms="5788">
      <class name="api.test.UserTests">
        <test-method is-config="true" signature="setUpData()[pri:0, instance:api.test.UserTests@563f38c4]" started-at="2023-01-29T21:35:21 CET" name="setUpData" finished-at="2023-01-29T21:35:21 CET" duration-ms="181" status="PASS">
          <reporter-output>
          </reporter-output>
        </test-method> <!-- setUpData -->
        <test-method signature="testPostUser()[pri:1, instance:api.test.UserTests@563f38c4]" started-at="2023-01-29T21:35:21 CET" name="testPostUser" finished-at="2023-01-29T21:35:23 CET" duration-ms="2295" status="PASS">
          <reporter-output>
          </reporter-output>
        </test-method> <!-- testPostUser -->
        <test-method signature="testGetUserByUsername()[pri:2, instance:api.test.UserTests@563f38c4]" started-at="2023-01-29T21:35:23 CET" name="testGetUserByUsername" finished-at="2023-01-29T21:35:24 CET" duration-ms="868" status="PASS">
          <reporter-output>
          </reporter-output>
        </test-method> <!-- testGetUserByUsername -->
        <test-method signature="testUpdateUserByUsername()[pri:3, instance:api.test.UserTests@563f38c4]" started-at="2023-01-29T21:35:24 CET" name="testUpdateUserByUsername" finished-at="2023-01-29T21:35:26 CET" duration-ms="1425" status="PASS">
          <reporter-output>
          </reporter-output>
        </test-method> <!-- testUpdateUserByUsername -->
        <test-method signature="testDeleteUserByUsername()[pri:4, instance:api.test.UserTests@563f38c4]" started-at="2023-01-29T21:35:26 CET" name="testDeleteUserByUsername" finished-at="2023-01-29T21:35:26 CET" duration-ms="712" status="PASS">
          <reporter-output>
          </reporter-output>
        </test-method> <!-- testDeleteUserByUsername -->
      </class> <!-- api.test.UserTests -->
    </test> <!-- Test -->
  </suite> <!-- Suite -->
</testng-results>
